MPUltimate v1.5 48-cell_FT_Mirror(Z) 19 0 19
Puzzle 48-cell_FT_Mirror(Z)
Dim 4
NAxis 1
Faces 1,0,0,0
Group 0,-1,1,0/-1,1,1,1 1,0,0,0/1,1,0,0 1,0,0,0/1,0,1,0 -0.4142135,1,0,0/0,0,-0.4142135,1
Axis 1,0,0,0
Twists 0,1,0,0/0,0,1,0/0,0,0,1
Cuts 0.95 -0.95
FixedMask 2
EndPuzzle
2 3600
000000000000000000000000000000000000000000000000000000000000000000000000000000000000000000000000000000000000000000000000000000000000000000000000000000X010X010G070G0101011X0X010101010101011X0X010101110W0X0K0K0X0G0G01170X0X0G011111070G010101110101110G0G01110
G0101010101110101110X0K0K01010101010101010102020202020202020B12020B120B120B120B12020B120B1K0K0G0W0G0W0202020B12020B120B120202020Q0A13030A13030Q030303030202020202020208181A0A0A0303020B130A120203030303030202020M0F030Q0A130A1M0F030A130Q0A130A13030303030302020
20B12020B120B13030K0K0808080808080808080808080M030M0813030A13030303030N0N030Q0808030Q0N040404040404040404040404040404040I0I040404040404040404040404040I0I04040404040S0S0S0S0616140404040406140S0S0S04040404040404040404040404040404040404040405050505050X05050Y0
K0818150Y050Y050Y0K0818150Y0K0A1K0G0K070815050Y0X0818150Y0M0M0M0M03030K05050K0503050E0E0E080J080K0J0J0K0J0J0G07070J0J050Y05050J0K0J040406060406060I0I061I0I0I0I0C0C0606060919160606060V0V06060I0I06060600101606060606060606060606060606060606060T0T0C0C060606060
60S06060606060606060606060J0J05050J05050X0X0G070707070X0X07070G070707070G0702080208070707070G070707070G070G0707070G07070G0707070G0707010701010G07070G070802080707070707070707070A0A0A0A050805030A13030Q030A18080808080808080807070E0E0E0E03030N0N080N0N0N0N0J0J0
J0J080808080807070N0N0J0J0J0202080B18080B1K0K0E0E0E080K08080808080B1809090909090909090909090909090909090909090909090S0S090909090909090909090909090909090909090909090S0S0909090909040P04040P0P0P0P0P0P0P0P0P0P090909090P0P0P0A0A0A0A0A0A0A0A0A0A0A0A0A0A0A0A0A0A0
A0A0A0A0A0A0A0A0A0A0A0A0A0A0A0A0A0A0A0A030803080F0F081F0F0A1A1F0F030N080A0A0A0A0A0A0A0A0A0A0A0A0F0A1A0A0F0F0A0A0F051U051U0U051U0B0P051I021B0P0B0719191516171B071313151B051B001B0H0915161C0B0C051B051B0D09151B0713131D0B051B0B0B0B0B07151B0713131B051B0B031B0L0B0
L0B0L0B0Z0Z071C0C0H0H0Z0Z0Z0Z0Z0Z0Z0C0C0H0H0712121C0C071C0Z0Z071C091C0907190C071907171C09090919171C0C071C0909071C090Z0Z0C090C0C090C0C0Z0C0C0C0C06060606060606091D091D0D091D0515191D0D0D0D05151D0D091D0D0D0D091D0D0D0D0D0D0D0D0D091D0D0D0D0T0T0T0T0D0D0S0D0D0S0D0
D0D0T0T0T0H0H0H0H091H0H04161H091H0H0U0P0P07171909090Q0E0Q0E0E0Q0E0E0E0Q0E0E0E0E0E0E0F0F0Q0E0E0E0E0Q0E080E080E0E0E0F0F0Q0E0E0E0E0Q080Q080Y0Y0Q0E0E0Q0E0Y0E0Q03030E0E0E0E0Q0E0E0Q0E0E080E0E0E0E0E0E0E0E0E0E0F0F0F0F0818181F0F0F0Y0Y0F0F0F0F0F0F0F0Y0Y0F0F0A1A1Y0K0
50J0818181818181818181E0E0E0E0M0M0M0M0M03030M0M0M0M0M02011208011117011111111111010Q0Q0Q0Y0Q0Q0Q0G0G0G0G0G0G0G0G010G0W0W0G010G010G010G0W0W0G010A1A1G0K070K0W0G0G010G0W0W0G010G0G0G0G0G010G0G010A1A1G0G0G0G0G011111111111111O0O070707011O0G010G010G0G0G0C0C0C0C0C0
C0C0D0D0D0D0D0D0D0H0H0H0H0H061U0H0H051515151H0H0919191S091416191S001016060D0D03131313131D0D0010160D0D0H0H0H0H0H0515151H0H03131H0H03131H0H0310101404091404031610101610161I0I0I0I061I0I0I0I061I00101V0V0T0T0I0I061I0I0I0I0I0I0I0I0I0I0I0I0I0I0I0I0I0I0I0I03101T0T0
L0T0T0L0T001S0S0I0I03131H0H0D0D0H0F0F0F0F0F0F0F0J0J0K0J0J0J0J0J0J0J0J0K0J0J0J0J0K0J080J080J050505050Y0A1A15050K080Y050J0J0K0J0J0K0J05050K08050J0J0J0J0K0J0J0K0J0J080J0J0J0J0J0J0J0J0J0J01111K0K011K0K0J0J0J0J0J0J0J020201011K0K0K0K0K0K0K0O0O0O0O0J0J0505050A150
5050818150501011X0X0W0X0X05050X0X050J0J02020K0K0K0K0K0O0O0O0X0X0G0G01111G0G01141L041L0L041L0L0L0417171L0L0L0L0L0L0417171L0L041L041L041L071L0L0L0417171L0L041914191L0L041L0L041L0L0L0419191D0L0D0L041L0L041L0L041L0L0L0L0L0L0L0L0L0L0M0M0M0M0M0M0M0M0M0M0M0M0M0M0
M0M05050M0M0M0M0M02020M0M0M0M0M0M01010M0M0M0M0M0M0M0M0M0A0A0A0A0A02020A0A0A0A0A0M0M0M0M0M0M0M02020M0M0M0A0203030A0A03030A0Q0Q0Q0Q0Q0Q0Q0N0N020N0N0N0N0N0N0N0N020N0N0N0N020N020N020N080808080808080808011117070N0N020N0N020N08080111170N0N0N0N020N0N020N0N020N0N0
N0N0N0N0N0N0N0N0K0O0K0O0O0K0O0O0O0A1O0O0O0O0O0O0O0O0A1O0O0O0O0A1K0A1O0A1O0O0O0O0O0A1O0O0O0O011111011O0O0A1O0O0A1K0O0O0111111O0O0O0O0A1O0O0A1K0O0A1O0O0K0O0O0O0O0O0O0O0Z0Z0P0P0Z0P0P0Z0Z0Z0Z0Z0Z0Z02171P071P0P071P071P0P0Z0Z0P0P0Z0Z0P071P0P071P071P0P0P0P0P071P0
P071P0P0P0P0P0P0P0Z0Z0C071C0C0712121Z0D0D0C021D0D0D0D0C071C0Q080Q0Q080Q0Q0E0E0E0E0E0E0E0N0N03030Q0Q0Q0Q0Q0Q0Q0E0E0Q0Q0E0E03030Q0Q0Q0Q0Q0Q0Q0Q0Q0Q0Y0Q0Q0Y0A1A1Q0Q0Q0Q0Q0E0E02020Q0Q0Q0Q0Q0E0Q0Q0Q0A1F0F0W011W0W0W0R0R0R0R0R0R0R0R0R0R0R0R0R0R0R0R091I0R0R0R0R0R0
R0R0R0R0R0R0R0R091I0R0R0R0R0R0R0R0R0R091I0R0R0R0R0R091R0R0R0R0R0R0R0R0R0R0R0R0R0R0R0R0R0R0R0R0R0R0R0R0R021402140402140P09121S0T0S0917191S07121S0T0S091909021S021S0I0S0S0C021I0T0S09121S021S0S07121S0919090S0S021S0S0P0S0719121S0919090S021S0S090T0L0T0L0T0L0T0V0
V0S0S0010101313161I0I0I0I0D0D0U0U0L0T0T0T0T0L0T061I0L0T00101U0U00101010101L0T00101U0U0L0T0T0L0T0U060L0T060D001L0L0L0T0T0L0T001L0T0T0T0T0T0T0T0T0T0T0U0U0U0U0U0U0U0U0B0U0H091U0S0U091U091U0T0L0U091B0B0U0U0U0U0H0U0U0D0U0T0L0U0D0U0U0U0U0U091U0U091B0B0U0U0U0U0U0
U0U0U0U0U0U0H0B0B0U0U0U0U0B0U0R061R0U0R0U0V0V0V0V0V0V0V0V0V0V0I0I0V0V0V0V0V0V0V0I0I0V0V0V0V0V0V0V0V0S0V0V0V0V0S0S0V0V0V0V0V0V0V0V0V0V0V0V0V0V0V0V0V0V0V0V0V0V0V0V0V0V0V0V0V0V0V0V001010101S0V0S0W0W0W0W0W0W0W0G0X0W0W0X0W0X0G0X0M0M0W0W0X0W0X01111W0W0W0W0W0W0M0
M0W0W0X0W0X0W0W0W0W0M0M0W0W0X01010M0W0W0W0W0G0W0G0X0W0W0X07070W0W0W0W0G0W0X0W0X0W0X0W0K0X0K0X0W0K0W0X0X0K01010X0X0X0X0X0X0K01010X0X0A1A110111111W0W0W0W0K0W0W0W0W0K070K070X0X0K0X0X0A1A1W0W0K07070X0X0X0X0K0X0X0A1A1K050J0X0A1X0X0X0X0X0X0X0Y0Y0Y0Y0Y0Y0Y0Y050Y0
F0F0Y050Y050Y050Y0F0F0Y050Y0Y0Y0Y0Y0Y0F0Y0Y0Q0Y0F0F0Y0Q0Y0Y0Y0Y0Y050Y0Y050Y0Y0Y0Y0Y0Y0Y0Y0Y0Y050Y0Y050Y0Y0Y0Y0Y0Y0Y0Y050Y050Y050Y0Z0Z0Z0Z0C0C0C0Z0Z0Z0Z0Z0Z0Z0Z0Z0Z0Z0Z0Z0Z0Z0Z0Z0Z0Z0Z0Z0Z0C0C0C071C0C071C071Z0Z021212171P0P071P0P0H090P0P0C0Z0Z0Z0Z0Z0Z0Z0Z0Z0
Z0Z0Z0P0P0Z0Z0P071Z0Z0P001010101I0T0T001I001V06101I00161016101V0610161010101010101V0I0T061T0V061T061H0H0T0T060616060619191T0T0C0C0T00101016101016101010101016001013160S0913160W0W0W0W0W0F0F01010G01010101011N0111170111111117011G01070X030M01111F0A1A1F0F080N0F0
F01111701110701111F080N0F0101011N070111170111070X01111O0A1O0A1O0A1O0S021S02121S0212121S02121212121212121S021212121S021S0C0S0C021212121S021212121P0P0P0P02121S02121S0212121P0P0P021212121S02121S021C0S0C021212121212121212131313131H0H0H061613131B031S06161I09131
31913191313131313131U0H0I091H0U091H091B0B0H0H0I0913131913131I0H0B0B0H0613161613131H0313131313131313191319131H0314141414141414141T041919141T041T041T041919141T0414141414141914141T041919141T04141414141T04141T041414141414141414141T04141T04141414141414141T041T0
41T041B0D0B0D0D0B0D05151B05151515151515151B051515151H0H0B051B05151515151B051515151B051B0515151B05151H0H05151B0515151515151B05151H0H051B05151H051515151515151B0B0B0B0B0B0B0I0I0I0H0H0I0I06161616161H0H06161616131616161H001616161H0H06161616161616161616161616161
6161616101010101L00101L001V0V0V0606031314161019160S0S0S0S0S0S0S07171B07171717171717171B071717171B071B0L0B0L0P0P0P0P0B0P0P0P0P06171I021C0C0B0C0C0B0C0C0C061C0C071717171B07171B071L0B0L0C0C07171C0C07171C0F0F08181F08181F0F0F0F0F0F0F08181818181505081818181K0K0K0
K0F0F08181815050818181818181818181818181818181818181F0F081818181818181K0K0K0818181818181818181H0B0S0B0B0D0B0H0H0H00101H0H091919191S060609191B091I061S0410131D0D0D06060D0D091L0D0L0U0U0U0U0U0U0U0U0U0C0T0T0313131313131313131313131U0U0R0R0U061R0R0U0A1A1A1A1J0J0
J0A1A1A1A1A1A1A1A1A1X0X0A1A1A1A1A15050A1A1A1A1O0O0O0O0O0O0O0O0O0G0G01111X0X0A1A1A15050O0O0G0G0115030505030303030303030303030F0F0F0F0M0M0M0N0N0B1B1N0B1B1N0N0N0N0N0N0N0B1B1B1B1B1B1B1B1B1B1B1N0N0B1B1N0N0B1B1B1B1B1B1B1B1B1B1B1B1B1B1B1B1B1B1B1B1B1B1B1N0N0B1B1B1
B1B1B1B1N0B1B1B1B1B1B1B1B1B1B1B1
#timer 0
#CRC 16385805622368957905
*
m| 8:0:1:4 16:0:1:1 23:0:1:4 21:0:1:1 2:0:1:4 4:0:1:4 0:0:1:4 19:0:1:1 22:0:1:4 15:0:1:1 0:0:1:4 8:0:1:4 11:0:1:1 3:0:1:1 13:0:1:1 0:0:1:4 
1:0:1:4 10:0:1:4 17:0:1:1 .
