MPUltimate v1.5 48-cell_FT_Mirror(Z) 2273 960 2273
Puzzle 48-cell_FT_Mirror(Z)
Dim 4
NAxis 1
Faces 1,0,0,0
Group 0,-1,1,0/-1,1,1,1 1,0,0,0/1,1,0,0 1,0,0,0/1,0,1,0 -0.4142135,1,0,0/0,0,-0.4142135,1
Axis 1,0,0,0
Twists 0,1,0,0/0,0,1,0/0,0,0,1
Cuts 0.95 -0.95
FixedMask 2
EndPuzzle
2 3600
20Y0110010O0W0O0O0A1Q0E000B1K0Y0F0800000B10000M0112030A100A0O0Q0508020K000N0W000B1801180800000Y0F0X00010E0K010N0X0X0B100N081K000E0A08030501030O010F050J0E080E0A0F0Y0W0A110K08010A0103010Q01010M01010E0A1W0J0K0O0J0A0M0B1M0J0F01081Y0N0O0A1A0Q0M01081G0A110M00020
E080F0G01170101070A1A0A1Y0M03010J0W0B170E030N050E0F0K070Q0N0W0N0O0J020A12010M0702081A02020818110N070W07020A0N020707020A1Q020W0J0O0Q0A120B1J0K0A080G0G080O000Y0J00020000000X0M08080G020B1A081F0Y0F0K080B1E0K0W0F0G0J030A0003080M010X0X030Q0Q03030303030A0B1X050O0
70K0B1M0B13020O03020M0W030A130A1Q0W0B130J030W0K020M0B1O03030E0Q01120J0807030B100F0J0005031P0U04091H0404091B0R071407140L040D04040414040U040H0413140T0Z0P0P09061214071I040V0T0Z001404071Z021V04060P0T090Z021415140P05141R0L0H0B0414071T0B0C060I0Q0M0A0505081A000A1
50115050W0M010505050A1115050A1A1X0W0E070M0E050815011E050J070508100O080W0505010E000W0Y0A000A1Q05080K050Y0000081B130J08150F050A0J0Y0N0I0U040609161H0D091R0I0I060R060C0Z0C06060716060H051R001S060710140U06121T06001C031Z060S0U0I06041I021L0T05140I071L06090L060T091
214091B06031U0H001H0Z0D0D010X0G070A130G0O0Y0A0A10070117020Y0X070B1307070Q070A0Y011701170M0118120A17010K0X070G0F0W0G070A010A0Y010O020G00010J0Q08170G0F0Q0B1200070J0O01120F0M03011Q0X0F08011G01081M000508180O0800080E08080708080K08010308180303000W0N0208080808080
7070K0B1A18080M05081N0W0Q030E0N0G0X0208020110030N0W0N08180W08020A070K0R0219090D040U0R0B051S0B09071900190D09061V09090H09091Z07190U09060714091B090P071L0H041D061C090B0H04101C0T090S0S04021014090C091S021L0H0B0I0U071C060C0L0R0N0M0N0N011M0G0E08181B1K0A0F0A0F030A0
A0A011A0A0A0B1A130O0A0E0M0F0F0F0W0K0A070Q0A0Y000Y03011A011X0Y011A0N0502070A0Q01181A0F070K0A1B1N0F0W0A011F0M070Q08071U031B061L0B0H06171B021B040V091B091B0B0H0B0B0H061S0R071B06190B041716190B0B0V0B031V0407151B0P0414191P0P0S0L0P0B0B0V0Z0B0Z051V0Z090Z0C0Z0U0D0Z0
I0T04141R06021C0D0D0D0S0L0B021I0C090C0I0C0U0C0C031C0C091C031H061C0C04090H0C0P0H0C090C0C0I0C0H06051C09001I02140V0B09001P0409051C090D02151R0R0B040C0C06041I0C0P051L031D0014001R0P031D0C0D0V0D091D001D0D041D0D0D0D0H00190D0U0U0C0S0U0T040D0H031T0U0B0D031S0D021V0Z0
H0V0S040R0D0V0Z09091D09141B061T040D021D0I0I060P060S0W0801130G030F00050E0N0E0E0W0E000E000E0E0B1E0E0E0B1Q0A1802011E0F010E0B180E0Q020100000N0X0Q0E0E0G0Y080X000701010K050A0J0E0X0K081A1X0N0J010E0A1O0W050W0Q08150A000A111Q0N0G0M0Y0M0F0F0F020O0A0F0Y080F0F0K0F030F0
30F0N081J0X0G0F0X0F0F070E0X05030J0G0F07050O0F0F0X0M0M0M010E0O081F0G0F0K0K0G081M020F000Q0W0F0G0N050O0B1G0A0O0K030X0G0Y0K0G0A0G0G0G0O0G0G0B1G0G0J0G0Y0K010G0A070N0X0M0A110G01030G0A0O0B1O010G0F0O0G01011J0X010A0G0G0Q010G011O0B111J011A0E0G020E0F08110A051D041H021
H0U00171H0B021H0S0H0T0H040H061U0H0H0S0H0H06101L04031U041910161H02101H0I04151R0V0H0U001L0V021513101C0916191U0H0V0D060B031H0U0C0R0I0D040L0V031H0P091I031L0I031B0I0V090I061I061I0V0I0I0R0I0I0D0I0L0I0U0I031I051V0T0I0Z0I0L051I041Z0V0C041I041I0Z0D060L0606051T09021
R0I0T0Z0I051R0S0R0S0I091I0717190B011O0X0O0Q01170X070J0M010J0K0J0N0J011J0J0J0J0J0K0M0K0Q070N0W0Q0O0X0E081O0J0502081F0A1M081K0J0W0B120Q050Y0J05020Q0A1B1X0J0Y030A1Y0M0J0J070J0J081J0X0Q0Y0A1J0A1K0N0E080J0G0J0M080K0X0K0W010O0K0K080K0K0Q0A011F020K0Y0501000K0N0W0
K0Q03020M050A0J0X0K0Q0O0A020Y07080A1N0K050A0Y0K0Q02050M0Y070E0A1000080Q010F050B0H0T0L0V0V0Z0C0R061R021L041L090L0V0L07141L0L06131T0D061L0P0L001906001Z0L0T0L091B031S0T0L0L061I0V040016191S091L0714041L0L0L0L051P0400101H0T0L061P0B03130K010M0E0O000M020A0N0K0M0F0
J01100J0M0M0Y0M0M0M0W0K0N0B1M011G0E0B1G0J080M070B1B11010Q0J0A0M0M080N010G03010G0F070X080M0M070M010F050K010A1Y0Q0A120M0B1Y0K08120Q0M050F030Y030G0X0N0301181A011N0J0N0N0N0A1N0Q05081N00020E0A1B1X070N0A1F011K070E0G0B1N020E0A0G0O0E081O0B13000Q000N0B1M0G0B1801020
20Q0N020Q050508110J0A0J0K0A1N080E0O0O000O080W0Q0O081O0K0B1O0O0M0O030K0Q0508000G0W0B1W0M0O0A1W0W0201050Q0B1O0B1B1K03030708110G000K0M0O0O020Q020Y05030O0X0F0F0W0J0O0M0E040P040P0P0V0U061D0P0S0T0P0P0P060P051P0P0T0P0P0P0P0P0V061P0D0P001U05121H0P07121P0V091U0S071
P0Z0V0H001Z0P0B0T0P090406151P0405140B0Z031Z060P0D0Z0U0H090P08020B1Q030A080M081Y050N0Q0K0108181W0Q0Q0Q0Q0Q0707030W01181A0W000Y0Q010G0Q0K0N0N0N0B181Q0Y0Q0W0J0E0J0W0F0E070O0X0W0W0X0Q0W0M0X05080O0X0O0Q07080A011G0W0R0R0R0H0L0Z09090210191C0R0I0R0B0R0D0R071H0R0R0
R0R0R0B0P0R0D0R0R0Z041I0Z0R061P0R0I0R0Z0B0I0R061V0I0B0I0C060L0B0R0P071R0R0I0T0T001R0T0R021R07140P0B0T0013171V0S031I0U0L021D04121S0V0S0S0S051S0S0S0S0S0T0S0P0Z060S0R0D0U0R0U0S0C0S0H0R0S0U0V0410131S02171Z0D03190406151U051C091S021P0S0S001P0V0S0S061T031609040T0
71L0T0Z0I001V091I0U0L0T0L05151U0H0T021P0T0T040T0Z0C0L0B0U060L05161L040T060B05191T0Z0U041T0R0019040T001P021C06021I061T0619151S090L001H0T0V04060T0D0C071H0L090H0P0R0I05121Z061U0V04160U071U0T021U0U0U0T0Z0T0516071H06040H051C0U02140U0T071L051S0U0U051H0D0S0D06121
T0S031B031U031V07171T0U031H0U0I0V0909041Z0406101V0514060V0H0913160V0V0V091V090V0V0R0V0V071V0215141V001D0V061H0C040V0V0P0V021R0V0D0D0V031L0P061D0Z04141L031416091V0H06141Z0V0V0H061B051D0T0B0H0S0K0G030W0F0O080W0G0W0Y080W0X0A1N020W0W011J0W0W000O08010B12070E010
3050G0W0W0X0Q0W0A050Y0G0J0W0J080Q0E050A1A0J081E0E0O050W0E0E0O0E0M0F0K0W0W080Y0J020M0N000E0K0A0B1N030E020K0X0W0X0J0X0110080X0X0O0X0X0X010O010Y0X0J0E03011Y0N0O0X0K08170E0X0A1N0Y0X0X01080K0J0E020N020W0W0Y0Q0X0Y080G080A1X050Q03030X0X0001081A1X081N0Y0003081M0E0
1050Y0J0Y0G0Y080Y0A120Y0Y0K0Y0Y010Y03000W0O0X0K080J0Y0Q0E070X0B1J0J0X0Y05070F0O0Q0B1G0G050Y0G08150Y0Y070B1A1M0N0Y0O0Y02000A181A0N0L06051Z0V0V060S0S0Z06160Z0B0Z07141H0Z0Z0B0Z0Z0012161P0Z041I09031U0902171Z0Z041Z061B0I0P040Z051606141C091V0U021C091L0C0Z09060Z0
40B031P0016001S0606191P09031C0015191T0H02160S06001R0019101910101B0010190016021210151T001T001B07101L0U001I06021Z041010191R0B0I0T0P0I071I0B0U0410160C0L061U0T0L0510190I0I060U0608111W011J020F0N050M081X011G0N08111N011E070111170B1X0J0J0X0W011A0F070E00011A0K0Y0A0
20X030111181705081A0E0K0E0A081Y07070111120Y011A01111F0O07020F0X0B150C0Z06021V041T0R0B091L0R021D061P021902121R02121S071S090C0T0I0D0T0B0H060P021S0S021C00160I03121S0C0917121U0219101U001S0S0212121H05171C0H051Z02141V0913190I001D060L0S0I09060S0S0B031V0319131I031
31713131C071C0313131C0S0C0T0D0D0P03121213140D0L0D0913191P05190U0I06031D0H031U09131U0P0U0U0L09031P03190S0C0R041R0S041904141603151S0I0I09141I071D0Z0714141T04141L041H021T0Z04160V041T040T04141U0U0R0H0B0R0T04141R0409160S07161710140U0T04141U0P091R09060C04141I0C0
31B09021D0U0T031B07131Z071C060515151515191515161515151614090V051B090314040U0Z051B0B060R04151T0C051C0016191P001C021517151D05151B031P04041D0C0D0D0L0L091S03131V031Z061D001B061H0R090D061L0616190C06151Z0616141H0V0C0V0614061619001915161L0C021412190V0T0616131S021
R09031V0S00151Z06061016021S0Z00161L0B041D041010190U0717171Z040R0H061B0C06071714161L0317171I07171B02131T0U0L0T0P0T061Z041R071Z0L071619151S05171Z0H090L0C0B0R0U0U040P0415171P0716141C0V071H0R0Z0U06051H031N00050Q011A110W0J0F0K080811181G0K0N08150508181818111B1Y0
20Y010W0B170E0Q08111Y0J0F0X0E0K0818181A0F081F000O0A0111011X01181G0K05000G011M05030G011A111K050T091Z091312140R0D091P0Z091U090S09191919171919160917171L09190H09141S0D09091D0T09171510131S091V0U061C0D001L0H0R0D051L0219121L09171T04031P09160R061Z071S000F0A1F070N0
O0002080X030A100A1A1X0W0A181A0A1A1B150N0E0G0A1M0O030B1N08120A130M0W0Q0O01020A1A180N0107030O0A11100O0A150A1A1O01130W081M03000A1B1A050A1Q0E0W0K0B1B1F0X0Q0A1G0N07081B1O01111B170B1M0X0B1B1A1B1Y0M0A1Q030N0G02000M081B1003011N0J0X0Y0N0B1207070F0A1B120N0A0B1M0G030
B1B1G08020N07020B1K0Y0Y0F0F0Y0A1
#timer 6550739
#CRC 14220042529342690442
*
21:0:1:4 22:0:1:4 7:0:1:4 17:0:1:5 6:0:1:5 8:0:1:5 15:0:1:4 8:0:1:5 10:0:1:5 13:0:1:4 7:0:1:4 18:0:1:1 17:0:1:4 9:0:1:4 0:0:1:5 11:0:1:5 
0:0:1:5 7:0:1:4 5:0:1:1 3:0:1:5 3:0:1:1 5:0:1:4 0:0:1:5 14:0:1:4 11:0:1:4 14:0:1:5 22:0:1:5 1:0:1:4 19:0:1:4 9:0:1:5 17:0:1:1 14:0:1:1 
4:0:1:5 23:0:1:5 13:0:1:5 19:0:1:4 0:0:1:4 15:0:1:5 1:0:1:4 1:0:1:5 9:0:1:5 1:0:1:1 13:0:1:1 17:0:1:5 7:0:1:1 10:0:1:5 15:0:1:1 9:0:1:4 
23:0:1:1 1:0:1:5 7:0:1:1 1:0:1:1 1:0:1:1 18:0:1:4 11:0:1:5 15:0:1:5 13:0:1:5 11:0:1:4 15:0:1:1 6:0:1:1 18:0:1:1 2:0:1:1 2:0:1:1 11:0:1:5 
9:0:1:5 15:0:1:5 11:0:1:4 13:0:1:4 9:0:1:1 19:0:1:5 8:0:1:5 3:0:1:4 10:0:1:1 13:0:1:1 22:0:1:4 12:0:1:1 8:0:1:4 22:0:1:5 6:0:1:5 3:0:1:1 
11:0:1:4 7:0:1:4 22:0:1:5 11:0:1:5 7:0:1:4 16:0:1:1 23:0:1:5 20:0:1:1 11:0:1:5 15:0:1:1 12:0:1:1 23:0:1:5 6:0:1:1 18:0:1:5 4:0:1:5 6:0:1:1 
13:0:1:4 0:0:1:5 2:0:1:5 9:0:1:5 3:0:1:5 14:0:1:5 23:0:1:4 13:0:1:1 21:0:1:4 7:0:1:4 11:0:1:4 17:0:1:1 5:0:1:4 2:0:1:1 6:0:1:5 5:0:1:1 
3:0:1:5 3:0:1:1 12:0:1:4 21:0:1:4 9:0:1:1 14:0:1:4 4:0:1:5 21:0:1:5 22:0:1:1 10:0:1:1 4:0:1:4 5:0:1:4 0:0:1:1 1:0:1:1 10:0:1:4 7:0:1:1 
16:0:1:5 10:0:1:5 4:0:1:5 3:0:1:5 23:0:1:4 20:0:1:5 19:0:1:1 10:0:1:1 23:0:1:4 5:0:1:4 21:0:1:4 10:0:1:1 12:0:1:5 14:0:1:4 21:0:1:5 0:0:1:5 
18:0:1:1 21:0:1:1 20:0:1:1 8:0:1:5 13:0:1:1 4:0:1:5 8:0:1:4 19:0:1:5 0:0:1:1 15:0:1:4 6:0:1:5 12:0:1:1 3:0:1:4 20:0:1:1 12:0:1:5 3:0:1:1 
21:0:1:5 6:0:1:4 5:0:1:1 11:0:1:1 1:0:1:1 14:0:1:4 19:0:1:1 20:0:1:5 17:0:1:4 13:0:1:5 8:0:1:5 19:0:1:1 20:0:1:5 13:0:1:4 7:0:1:4 12:0:1:4 
10:0:1:5 3:0:1:4 11:0:1:5 23:0:1:1 8:0:1:1 2:0:1:5 9:0:1:5 23:0:1:4 21:0:1:1 0:0:1:1 22:0:1:4 7:0:1:5 13:0:1:1 6:0:1:1 14:0:1:5 19:0:1:1 
13:0:1:1 8:0:1:1 13:0:1:1 19:0:1:4 20:0:1:4 17:0:1:5 2:0:1:1 7:0:1:4 15:0:1:5 12:0:1:5 17:0:1:1 20:0:1:1 18:0:1:1 9:0:1:1 17:0:1:5 9:0:1:1 
7:0:1:1 0:0:1:4 14:0:1:5 16:0:1:5 9:0:1:1 13:0:1:1 16:0:1:5 5:0:1:4 21:0:1:4 14:0:1:4 19:0:1:5 9:0:1:1 19:0:1:4 6:0:1:1 8:0:1:1 21:0:1:1 
16:0:1:4 20:0:1:4 0:0:1:4 16:0:1:5 2:0:1:4 16:0:1:5 11:0:1:4 3:0:1:5 15:0:1:4 11:0:1:1 2:0:1:5 12:0:1:4 20:0:1:4 7:0:1:5 6:0:1:4 2:0:1:4 
5:0:1:4 14:0:1:5 8:0:1:5 8:0:1:1 3:0:1:5 0:0:1:4 16:0:1:5 5:0:1:5 13:0:1:4 20:0:1:4 12:0:1:4 14:0:1:1 20:0:1:4 21:0:1:5 11:0:1:1 6:0:1:4 
0:0:1:5 4:0:1:1 0:0:1:5 1:0:1:4 3:0:1:1 6:0:1:1 18:0:1:4 15:0:1:4 3:0:1:5 23:0:1:5 3:0:1:5 15:0:1:5 18:0:1:1 8:0:1:4 11:0:1:1 14:0:1:5 
20:0:1:1 0:0:1:5 7:0:1:5 11:0:1:4 4:0:1:1 18:0:1:4 6:0:1:4 4:0:1:4 2:0:1:4 3:0:1:5 16:0:1:4 18:0:1:5 11:0:1:4 10:0:1:1 23:0:1:4 6:0:1:5 
3:0:1:1 11:0:1:4 12:0:1:4 6:0:1:4 5:0:1:5 7:0:1:5 7:0:1:1 1:0:1:4 3:0:1:1 10:0:1:1 15:0:1:5 21:0:1:1 13:0:1:4 9:0:1:1 12:0:1:5 13:0:1:1 
1:0:1:1 12:0:1:5 5:0:1:4 18:0:1:1 22:0:1:4 4:0:1:5 10:0:1:5 18:0:1:1 3:0:1:5 12:0:1:4 17:0:1:1 14:0:1:1 23:0:1:1 1:0:1:4 4:0:1:5 10:0:1:1 
12:0:1:4 8:0:1:5 12:0:1:1 0:0:1:4 21:0:1:1 4:0:1:5 22:0:1:4 8:0:1:1 5:0:1:4 17:0:1:5 21:0:1:5 14:0:1:1 9:0:1:4 4:0:1:1 17:0:1:1 1:0:1:5 
17:0:1:4 15:0:1:5 1:0:1:4 3:0:1:1 13:0:1:5 1:0:1:5 14:0:1:1 23:0:1:4 22:0:1:4 20:0:1:5 2:0:1:1 2:0:1:5 16:0:1:5 0:0:1:4 22:0:1:5 2:0:1:5 
11:0:1:1 22:0:1:4 11:0:1:1 2:0:1:5 5:0:1:5 14:0:1:1 0:0:1:4 10:0:1:4 22:0:1:4 6:0:1:4 23:0:1:5 0:0:1:4 17:0:1:4 10:0:1:1 22:0:1:1 15:0:1:4 
20:0:1:5 0:0:1:1 10:0:1:1 18:0:1:4 5:0:1:1 15:0:1:1 15:0:1:5 20:0:1:1 18:0:1:4 18:0:1:4 4:0:1:5 9:0:1:4 11:0:1:5 7:0:1:1 10:0:1:5 11:0:1:4 
17:0:1:1 3:0:1:5 9:0:1:4 22:0:1:5 5:0:1:5 21:0:1:5 10:0:1:4 20:0:1:4 7:0:1:1 17:0:1:5 17:0:1:1 10:0:1:5 14:0:1:4 13:0:1:4 8:0:1:5 15:0:1:1 
1:0:1:5 16:0:1:5 19:0:1:5 1:0:1:4 8:0:1:5 16:0:1:4 14:0:1:5 21:0:1:5 13:0:1:5 0:0:1:1 8:0:1:1 8:0:1:4 3:0:1:1 18:0:1:1 11:0:1:1 15:0:1:4 
13:0:1:5 15:0:1:1 1:0:1:5 21:0:1:5 9:0:1:5 5:0:1:5 13:0:1:4 1:0:1:4 3:0:1:5 17:0:1:5 9:0:1:1 7:0:1:5 7:0:1:1 14:0:1:4 15:0:1:4 6:0:1:5 
13:0:1:4 20:0:1:1 0:0:1:4 6:0:1:1 21:0:1:4 7:0:1:1 21:0:1:1 4:0:1:5 4:0:1:5 22:0:1:4 9:0:1:1 8:0:1:4 7:0:1:5 16:0:1:5 18:0:1:5 18:0:1:5 
18:0:1:1 19:0:1:4 6:0:1:1 5:0:1:4 20:0:1:5 22:0:1:1 13:0:1:1 2:0:1:4 22:0:1:4 14:0:1:5 20:0:1:4 10:0:1:4 6:0:1:4 13:0:1:5 3:0:1:1 11:0:1:5 
7:0:1:1 19:0:1:1 3:0:1:4 13:0:1:1 7:0:1:4 8:0:1:5 5:0:1:5 1:0:1:5 15:0:1:1 7:0:1:1 15:0:1:5 0:0:1:1 11:0:1:5 19:0:1:4 20:0:1:5 0:0:1:1 
2:0:1:1 15:0:1:5 23:0:1:4 14:0:1:5 7:0:1:5 0:0:1:1 19:0:1:4 22:0:1:5 11:0:1:1 6:0:1:1 1:0:1:5 19:0:1:1 19:0:1:5 4:0:1:1 5:0:1:4 18:0:1:4 
19:0:1:4 16:0:1:4 7:0:1:5 18:0:1:1 9:0:1:4 1:0:1:5 12:0:1:4 5:0:1:1 1:0:1:1 5:0:1:1 15:0:1:4 5:0:1:5 4:0:1:4 0:0:1:1 9:0:1:1 8:0:1:5 
3:0:1:5 15:0:1:5 17:0:1:1 19:0:1:1 4:0:1:1 6:0:1:5 10:0:1:1 1:0:1:5 4:0:1:1 14:0:1:5 12:0:1:1 19:0:1:1 7:0:1:5 5:0:1:4 18:0:1:4 2:0:1:5 
11:0:1:1 20:0:1:4 8:0:1:5 0:0:1:4 23:0:1:4 6:0:1:5 23:0:1:4 0:0:1:4 11:0:1:5 2:0:1:4 3:0:1:1 12:0:1:4 18:0:1:5 3:0:1:4 12:0:1:5 6:0:1:4 
14:0:1:4 23:0:1:5 15:0:1:5 22:0:1:1 18:0:1:5 8:0:1:5 5:0:1:5 5:0:1:1 0:0:1:5 19:0:1:4 2:0:1:4 19:0:1:4 3:0:1:4 5:0:1:4 23:0:1:1 3:0:1:5 
20:0:1:1 14:0:1:1 20:0:1:1 17:0:1:5 6:0:1:4 10:0:1:1 4:0:1:1 4:0:1:5 9:0:1:1 15:0:1:4 1:0:1:5 4:0:1:4 7:0:1:1 6:0:1:4 17:0:1:5 4:0:1:4 
6:0:1:1 22:0:1:5 20:0:1:1 1:0:1:4 9:0:1:4 10:0:1:4 7:0:1:1 18:0:1:5 8:0:1:5 22:0:1:1 5:0:1:4 5:0:1:4 11:0:1:1 15:0:1:4 21:0:1:5 13:0:1:4 
2:0:1:4 1:0:1:1 17:0:1:4 19:0:1:1 15:0:1:1 1:0:1:1 20:0:1:5 6:0:1:1 17:0:1:5 0:0:1:5 15:0:1:5 12:0:1:4 0:0:1:1 21:0:1:4 13:0:1:1 9:0:1:4 
19:0:1:5 1:0:1:4 21:0:1:4 2:0:1:5 14:0:1:5 15:0:1:4 1:0:1:4 5:0:1:5 10:0:1:1 11:0:1:5 8:0:1:4 6:0:1:1 8:0:1:4 18:0:1:4 4:0:1:4 12:0:1:1 
21:0:1:4 7:0:1:5 12:0:1:5 11:0:1:4 0:0:1:4 20:0:1:5 22:0:1:1 8:0:1:5 13:0:1:1 6:0:1:4 7:0:1:5 5:0:1:1 23:0:1:5 5:0:1:5 14:0:1:5 5:0:1:5 
5:0:1:5 4:0:1:4 1:0:1:1 10:0:1:4 4:0:1:4 18:0:1:4 19:0:1:4 23:0:1:5 8:0:1:4 14:0:1:1 9:0:1:5 2:0:1:5 19:0:1:5 10:0:1:5 20:0:1:4 3:0:1:4 
4:0:1:1 10:0:1:5 11:0:1:4 12:0:1:5 21:0:1:5 23:0:1:1 20:0:1:4 4:0:1:4 12:0:1:4 19:0:1:4 12:0:1:5 11:0:1:4 20:0:1:1 1:0:1:4 19:0:1:4 20:0:1:1 
16:0:1:4 13:0:1:4 23:0:1:4 4:0:1:1 6:0:1:1 0:0:1:4 14:0:1:1 8:0:1:4 17:0:1:4 10:0:1:1 17:0:1:1 10:0:1:4 7:0:1:4 22:0:1:5 8:0:1:5 1:0:1:5 
13:0:1:1 12:0:1:4 14:0:1:5 2:0:1:1 15:0:1:5 4:0:1:5 15:0:1:4 8:0:1:5 20:0:1:1 16:0:1:1 1:0:1:5 13:0:1:5 0:0:1:1 12:0:1:5 2:0:1:4 11:0:1:4 
3:0:1:1 9:0:1:1 4:0:1:1 7:0:1:5 10:0:1:4 14:0:1:5 10:0:1:4 23:0:1:1 15:0:1:4 6:0:1:4 10:0:1:5 15:0:1:4 7:0:1:1 21:0:1:1 3:0:1:1 2:0:1:5 
4:0:1:1 2:0:1:1 16:0:1:1 6:0:1:1 17:0:1:5 22:0:1:4 22:0:1:4 22:0:1:1 12:0:1:1 20:0:1:1 17:0:1:5 10:0:1:4 18:0:1:5 12:0:1:5 23:0:1:1 5:0:1:4 
7:0:1:4 9:0:1:4 4:0:1:1 12:0:1:4 19:0:1:4 1:0:1:4 3:0:1:4 18:0:1:1 1:0:1:4 1:0:1:1 13:0:1:1 7:0:1:1 8:0:1:5 20:0:1:1 1:0:1:1 14:0:1:4 
15:0:1:4 4:0:1:5 13:0:1:4 10:0:1:4 7:0:1:4 4:0:1:4 5:0:1:5 10:0:1:1 23:0:1:4 7:0:1:4 12:0:1:1 0:0:1:5 7:0:1:5 12:0:1:1 3:0:1:5 13:0:1:4 
23:0:1:4 9:0:1:5 12:0:1:1 21:0:1:4 23:0:1:5 2:0:1:4 19:0:1:4 8:0:1:1 0:0:1:5 20:0:1:4 22:0:1:1 15:0:1:1 21:0:1:5 9:0:1:1 1:0:1:4 17:0:1:1 
5:0:1:5 13:0:1:1 20:0:1:1 11:0:1:4 13:0:1:5 1:0:1:4 20:0:1:5 19:0:1:1 9:0:1:1 23:0:1:5 18:0:1:5 16:0:1:1 23:0:1:1 20:0:1:5 5:0:1:4 20:0:1:5 
14:0:1:1 8:0:1:4 18:0:1:5 22:0:1:5 9:0:1:1 16:0:1:4 9:0:1:1 10:0:1:1 12:0:1:4 11:0:1:4 23:0:1:5 4:0:1:5 15:0:1:5 7:0:1:5 5:0:1:4 14:0:1:5 
20:0:1:5 20:0:1:4 4:0:1:5 12:0:1:5 12:0:1:1 15:0:1:5 16:0:1:1 3:0:1:5 17:0:1:4 6:0:1:4 9:0:1:1 2:0:1:5 6:0:1:4 0:0:1:1 22:0:1:4 7:0:1:5 
9:0:1:4 2:0:1:1 17:0:1:5 22:0:1:5 18:0:1:5 5:0:1:5 16:0:1:1 0:0:1:5 0:0:1:5 13:0:1:1 22:0:1:4 22:0:1:4 17:0:1:4 17:0:1:5 18:0:1:4 9:0:1:5 
11:0:1:4 17:0:1:4 23:0:1:1 2:0:1:5 1:0:1:1 13:0:1:1 23:0:1:5 3:0:1:4 15:0:1:5 11:0:1:5 8:0:1:1 5:0:1:1 16:0:1:5 9:0:1:4 7:0:1:5 9:0:1:5 
17:0:1:1 5:0:1:4 2:0:1:5 0:0:1:1 0:0:1:5 5:0:1:1 15:0:1:4 16:0:1:5 15:0:1:4 21:0:1:5 21:0:1:4 10:0:1:1 18:0:1:4 12:0:1:1 17:0:1:1 14:0:1:4 
22:0:1:1 21:0:1:4 10:0:1:4 14:0:1:1 15:0:1:5 6:0:1:1 19:0:1:4 21:0:1:1 8:0:1:5 11:0:1:1 18:0:1:4 20:0:1:5 2:0:1:1 7:0:1:5 1:0:1:1 18:0:1:5 
3:0:1:1 23:0:1:4 6:0:1:1 4:0:1:4 3:0:1:4 21:0:1:1 20:0:1:4 11:0:1:4 13:0:1:5 3:0:1:4 1:0:1:5 17:0:1:4 13:0:1:4 11:0:1:5 14:0:1:4 5:0:1:5 
15:0:1:4 6:0:1:1 11:0:1:4 6:0:1:4 12:0:1:4 2:0:1:5 8:0:1:1 23:0:1:5 5:0:1:4 7:0:1:1 22:0:1:5 0:0:1:4 5:0:1:4 23:0:1:5 3:0:1:4 17:0:1:1 
4:0:1:1 18:0:1:1 9:0:1:4 8:0:1:1 8:0:1:1 7:0:1:1 5:0:1:5 7:0:1:5 1:0:1:4 16:0:1:1 22:0:1:4 12:0:1:1 12:0:1:5 16:0:1:1 5:0:1:1 9:0:1:5 
12:0:1:1 18:0:1:4 23:0:1:5 15:0:1:1 10:0:1:4 9:0:1:1 21:0:1:4 2:0:1:1 11:0:1:5 19:0:1:5 1:0:1:4 19:0:1:4 14:0:1:4 15:0:1:4 10:0:1:1 18:0:1:1 
m| 20:0:1:4 8:0:1:4 0:0:1:1 8:0:1:1 2:0:1:4 4:0:1:4 13:0:1:4 3:0:1:4 6:0:1:1 6:0:1:4 3:0:1:1 13:0:1:1 0:0:1:1 20:0:1:1 23:0:1:4 18:0:1:1 
19:0:1:4 m[ 0:0:1:4 14:0:1:4 0:0:1:4 14:0:1:4 m] 0:0:1:4 19:0:1:1 0:0:1:4 15:0:1:1 17:0:1:4 0:0:1:4 9:0:1:4 0:0:1:4 7:0:1:1 
0:0:1:4 15:0:1:1 0:0:1:4 17:0:1:4 0:0:1:4 0:0:1:4 9:0:1:4 1:0:1:1 5:0:1:1 1:0:1:1 0:0:1:4 5:0:1:1 0:0:1:4 m[ 21:0:1:1 9:0:1:4 
21:0:1:1 9:0:1:4 m] 13:0:1:1 m[ 21:0:1:1 9:0:1:4 21:0:1:1 9:0:1:4 m] 13:0:1:1 m[ 13:0:1:4 15:0:1:4 13:0:1:4 15:0:1:4 
m] m[ 16:0:1:4 5:0:1:4 16:0:1:4 5:0:1:4 m] m[ 16:0:1:4 15:0:1:1 16:0:1:4 15:0:1:1 m] m[ 0:0:1:1 13:0:1:4 
0:0:1:1 13:0:1:4 m] m[ 3:0:1:1 6:0:1:1 3:0:1:1 6:0:1:1 m] m[ 4:0:1:1 0:0:1:1 4:0:1:1 0:0:1:1 m] m[ 
4:0:1:1 2:0:1:1 4:0:1:1 2:0:1:1 m] m[ 8:0:1:4 5:0:1:1 8:0:1:4 5:0:1:1 m] m[ 7:0:1:1 8:0:1:1 7:0:1:1 8:0:1:1 
m] m[ 19:0:1:1 22:0:1:4 19:0:1:1 22:0:1:4 m] m[ 11:0:1:1 19:0:1:1 11:0:1:1 19:0:1:1 m] m[ 18:0:1:4 0:0:1:1 
18:0:1:4 0:0:1:1 m] m[ 18:0:1:4 23:0:1:1 18:0:1:4 23:0:1:1 m] m[ 11:0:1:4 1:0:1:4 11:0:1:4 1:0:1:4 m] m[ 
12:0:1:1 17:0:1:4 12:0:1:1 17:0:1:4 m] m[ 12:0:1:1 15:0:1:1 12:0:1:1 15:0:1:1 m] m[ 16:0:1:4 1:0:1:4 16:0:1:4 1:0:1:4 
m] m[ 3:0:1:4 13:0:1:4 3:0:1:4 13:0:1:4 m] m[ 14:0:1:4 21:0:1:1 14:0:1:4 21:0:1:1 m] m[ 14:0:1:1 6:0:1:1 
14:0:1:1 6:0:1:1 m] m[ 17:0:1:1 21:0:1:4 17:0:1:1 21:0:1:4 m] m[ 8:0:1:1 2:0:1:4 8:0:1:1 2:0:1:4 m] m[ 
4:0:1:4 14:0:1:4 4:0:1:4 14:0:1:4 m] m[ 15:0:1:4 4:0:1:1 15:0:1:4 4:0:1:1 m] m[ 14:0:1:4 22:0:1:1 14:0:1:4 22:0:1:1 
m] m[ 9:0:1:4 10:0:1:1 9:0:1:4 10:0:1:1 m] m[ 1:0:1:1 10:0:1:1 1:0:1:1 10:0:1:1 m] m[ 9:0:1:1 4:0:1:1 
9:0:1:1 4:0:1:1 m] m[ 1:0:1:4 10:0:1:4 1:0:1:4 10:0:1:4 m] m[ 20:0:1:1 0:0:1:1 20:0:1:1 0:0:1:1 m] m[ 
20:0:1:1 23:0:1:4 20:0:1:1 23:0:1:4 m] m[ 7:0:1:1 18:0:1:4 7:0:1:1 18:0:1:4 m] m[ 9:0:1:4 12:0:1:1 9:0:1:4 12:0:1:1 
m] m[ 11:0:1:4 5:0:1:4 11:0:1:4 5:0:1:4 m] m[ 11:0:1:4 14:0:1:4 11:0:1:4 14:0:1:4 m] m[ 18:0:1:4 7:0:1:1 
18:0:1:4 7:0:1:1 m] m[ 12:0:1:4 9:0:1:1 12:0:1:4 9:0:1:1 m] m[ 12:0:1:4 7:0:1:4 12:0:1:4 7:0:1:4 m] m[ 
18:0:1:4 5:0:1:4 18:0:1:4 5:0:1:4 m] m[ 11:0:1:1 14:0:1:1 11:0:1:1 14:0:1:1 m] m[ 11:0:1:1 5:0:1:1 11:0:1:1 5:0:1:1 
m] m[ 21:0:1:1 19:0:1:4 21:0:1:1 19:0:1:4 m] m[ 18:0:1:4 9:0:1:1 18:0:1:4 9:0:1:1 m] m[ 12:0:1:1 7:0:1:1 
12:0:1:1 7:0:1:1 m] m[ 9:0:1:1 10:0:1:4 9:0:1:1 10:0:1:4 m] m[ 1:0:1:1 4:0:1:1 1:0:1:1 4:0:1:1 m] m[ 
1:0:1:1 10:0:1:1 1:0:1:1 10:0:1:1 m] m[ 5:0:1:4 18:0:1:4 5:0:1:4 18:0:1:4 m] m[ 5:0:1:4 11:0:1:4 5:0:1:4 11:0:1:4 
m] m[ 15:0:1:4 4:0:1:1 15:0:1:4 4:0:1:1 m] m[ 15:0:1:4 22:0:1:1 15:0:1:4 22:0:1:1 m] m[ 21:0:1:1 17:0:1:4 
21:0:1:1 17:0:1:4 m] m[ 15:0:1:4 16:0:1:1 15:0:1:4 16:0:1:1 m] m[ 5:0:1:4 13:0:1:4 5:0:1:4 13:0:1:4 m] m[ 
5:0:1:4 16:0:1:4 5:0:1:4 16:0:1:4 m] m[ 4:0:1:1 15:0:1:4 4:0:1:1 15:0:1:4 m] m[ 22:0:1:4 14:0:1:1 22:0:1:4 14:0:1:1 
m] m[ 15:0:1:4 20:0:1:1 15:0:1:4 20:0:1:1 m] m[ 12:0:1:1 17:0:1:4 12:0:1:1 17:0:1:4 m] m[ 19:0:1:4 11:0:1:4 
19:0:1:4 11:0:1:4 m] m[ 1:0:1:1 16:0:1:1 1:0:1:1 16:0:1:1 m] m[ 7:0:1:1 6:0:1:1 7:0:1:1 6:0:1:1 m] m[ 
7:0:1:1 16:0:1:4 7:0:1:1 16:0:1:4 m] m[ 10:0:1:4 9:0:1:1 10:0:1:4 9:0:1:1 m] m[ 1:0:1:1 20:0:1:1 1:0:1:1 20:0:1:1 
m] m[ 1:0:1:1 11:0:1:1 1:0:1:1 11:0:1:1 m] m[ 13:0:1:4 19:0:1:4 13:0:1:4 19:0:1:4 m] m[ 21:0:1:4 9:0:1:1 
21:0:1:4 9:0:1:1 m] m[ 5:0:1:4 8:0:1:1 5:0:1:4 8:0:1:1 m] m[ 5:0:1:4 10:0:1:4 5:0:1:4 10:0:1:4 m] m[ 
14:0:1:1 6:0:1:1 14:0:1:1 6:0:1:1 m] m[ 14:0:1:1 21:0:1:4 14:0:1:1 21:0:1:4 m] m[ 15:0:1:4 12:0:1:4 15:0:1:4 12:0:1:4 
m] m[ 15:0:1:4 13:0:1:4 15:0:1:4 13:0:1:4 m] m[ 15:0:1:4 16:0:1:1 15:0:1:4 16:0:1:1 m] m[ 8:0:1:1 5:0:1:4 
8:0:1:1 5:0:1:4 m] m[ 10:0:1:1 17:0:1:4 10:0:1:1 17:0:1:4 m] m[ 19:0:1:4 22:0:1:1 19:0:1:4 22:0:1:1 m] m[ 
16:0:1:1 1:0:1:1 16:0:1:1 1:0:1:1 m] m[ 12:0:1:4 9:0:1:1 12:0:1:4 9:0:1:1 m] m[ 2:0:1:1 16:0:1:1 2:0:1:1 16:0:1:1 
m] m[ 23:0:1:1 16:0:1:4 23:0:1:1 16:0:1:4 m] m[ 23:0:1:1 21:0:1:4 23:0:1:1 21:0:1:4 m] m[ 11:0:1:4 2:0:1:4 
11:0:1:4 2:0:1:4 m] m[ 12:0:1:4 3:0:1:4 12:0:1:4 3:0:1:4 m] m[ 12:0:1:1 2:0:1:4 12:0:1:1 2:0:1:4 m] m[ 
11:0:1:1 3:0:1:1 11:0:1:1 3:0:1:1 m] m[ 12:0:1:1 2:0:1:4 12:0:1:1 2:0:1:4 m] m[ 23:0:1:4 10:0:1:1 23:0:1:4 10:0:1:1 
m] m[ 23:0:1:1 10:0:1:4 23:0:1:1 10:0:1:4 m] m[ 23:0:1:1 22:0:1:4 23:0:1:1 22:0:1:4 m] m[ 0:0:1:1 8:0:1:1 
0:0:1:1 8:0:1:1 m] m[ 3:0:1:4 11:0:1:4 3:0:1:4 11:0:1:4 m] m[ 23:0:1:1 16:0:1:4 23:0:1:1 16:0:1:4 m] m[ 
3:0:1:4 10:0:1:4 3:0:1:4 10:0:1:4 m] m[ 10:0:1:1 23:0:1:4 10:0:1:1 23:0:1:4 m] m[ 22:0:1:4 3:0:1:1 22:0:1:4 3:0:1:1 
m] m[ 10:0:1:4 23:0:1:1 10:0:1:4 23:0:1:1 m] m[ 21:0:1:4 23:0:1:1 21:0:1:4 23:0:1:1 m] m[ 2:0:1:1 21:0:1:4 
2:0:1:1 21:0:1:4 m] m[ 10:0:1:4 23:0:1:1 10:0:1:4 23:0:1:1 m] m[ 3:0:1:4 22:0:1:1 3:0:1:4 22:0:1:1 m] m[ 
3:0:1:4 10:0:1:4 3:0:1:4 10:0:1:4 m] m[ 18:0:1:4 0:0:1:1 18:0:1:4 0:0:1:1 m] m[ 23:0:1:4 21:0:1:1 23:0:1:4 21:0:1:1 
m] m[ 10:0:1:1 3:0:1:1 10:0:1:1 3:0:1:1 m] m[ 22:0:1:1 3:0:1:4 22:0:1:1 3:0:1:4 m] m[ 13:0:1:4 0:0:1:1 
13:0:1:4 0:0:1:1 m] m[ 21:0:1:1 23:0:1:4 21:0:1:1 23:0:1:4 m] m[ 16:0:1:1 2:0:1:1 16:0:1:1 2:0:1:1 m] m[ 
23:0:1:4 16:0:1:1 23:0:1:4 16:0:1:1 m] m[ 20:0:1:1 0:0:1:1 20:0:1:1 0:0:1:1 m] 0:0:1:1 m[ 20:0:1:1 17:0:1:4 20:0:1:1 
17:0:1:4 m] m[ 18:0:1:4 9:0:1:1 18:0:1:4 9:0:1:1 m] m[ 18:0:1:4 7:0:1:1 18:0:1:4 7:0:1:1 m] m[ 17:0:1:4 
8:0:1:1 17:0:1:4 8:0:1:1 m] m[ 4:0:1:1 9:0:1:1 4:0:1:1 9:0:1:1 m] m[ 4:0:1:1 1:0:1:1 4:0:1:1 1:0:1:1 m] 
m[ 20:0:1:1 19:0:1:4 20:0:1:1 19:0:1:4 m] m[ 20:0:1:1 1:0:1:1 20:0:1:1 1:0:1:1 m] m[ 18:0:1:4 5:0:1:4 18:0:1:4 
5:0:1:4 m] m[ 18:0:1:4 14:0:1:1 18:0:1:4 14:0:1:1 m] m[ 14:0:1:1 4:0:1:1 14:0:1:1 4:0:1:1 m] m[ 9:0:1:1 
13:0:1:4 9:0:1:1 13:0:1:4 m] m[ 6:0:1:1 17:0:1:4 6:0:1:1 17:0:1:4 m] m[ 6:0:1:1 14:0:1:1 6:0:1:1 14:0:1:1 m] 
m[ 13:0:1:4 5:0:1:4 13:0:1:4 5:0:1:4 m] m[ 13:0:1:4 15:0:1:4 13:0:1:4 15:0:1:4 m] m[ 1:0:1:1 6:0:1:1 1:0:1:1 
6:0:1:1 m] m[ 13:0:1:4 19:0:1:4 13:0:1:4 19:0:1:4 m] m[ 13:0:1:4 5:0:1:4 13:0:1:4 5:0:1:4 m] m[ 9:0:1:1 
18:0:1:4 9:0:1:1 18:0:1:4 m] m[ 15:0:1:4 20:0:1:1 15:0:1:4 20:0:1:1 m] m[ 5:0:1:4 8:0:1:1 5:0:1:4 8:0:1:1 m] 
m[ 18:0:1:4 5:0:1:4 18:0:1:4 5:0:1:4 m] m[ 20:0:1:1 19:0:1:4 20:0:1:1 19:0:1:4 m] m[ 8:0:1:1 19:0:1:4 8:0:1:1 
19:0:1:4 m] m[ 4:0:1:1 15:0:1:4 4:0:1:1 15:0:1:4 m] 9:0:1:1 m[ 4:0:1:1 9:0:1:1 4:0:1:1 9:0:1:1 m] m[ 
18:0:1:4 9:0:1:1 18:0:1:4 9:0:1:1 m] m[ 13:0:1:4 9:0:1:1 13:0:1:4 9:0:1:1 m] 5:0:1:4 m[ 8:0:1:1 5:0:1:4 8:0:1:1 
5:0:1:4 m] m[ 18:0:1:4 5:0:1:4 18:0:1:4 5:0:1:4 m] 18:0:1:4 m[ 0:0:1:1 18:0:1:4 0:0:1:1 18:0:1:4 m] 0:0:1:1 
m[ 13:0:1:4 5:0:1:4 13:0:1:4 5:0:1:4 m] 13:0:1:4 0:0:1:1 6:0:1:1 m[ 0:0:1:1 6:0:1:1 0:0:1:1 6:0:1:1 m] m[ 
0:0:1:1 13:0:1:4 0:0:1:1 13:0:1:4 m] 17:0:1:4 m[ 6:0:1:1 17:0:1:4 6:0:1:1 17:0:1:4 m] m[ 8:0:1:1 17:0:1:4 8:0:1:1 
17:0:1:4 m] m[ 20:0:1:1 17:0:1:4 20:0:1:1 17:0:1:4 m] 19:0:1:4 20:0:1:1 m[ 13:0:1:4 19:0:1:4 13:0:1:4 19:0:1:4 m] 
m[ 19:0:1:4 20:0:1:1 19:0:1:4 20:0:1:1 m] m[ 0:0:1:1 20:0:1:1 0:0:1:1 20:0:1:1 m] m[ 8:0:1:1 19:0:1:4 8:0:1:1 
19:0:1:4 m] 8:0:1:1 m[ 0:0:1:1 8:0:1:1 0:0:1:1 8:0:1:1 m] m[ 4:0:1:1 16:0:1:1 4:0:1:1 16:0:1:1 m] m[ 
16:0:1:4 18:0:1:4 16:0:1:4 18:0:1:4 m] m[ 20:0:1:4 21:0:1:4 20:0:1:4 21:0:1:4 m] m[ 20:0:1:1 4:0:1:1 20:0:1:1 4:0:1:1 
m] m[ 20:0:1:1 21:0:1:1 20:0:1:1 21:0:1:1 m] m[ 11:0:1:4 13:0:1:4 11:0:1:4 13:0:1:4 m] m[ 11:0:1:4 4:0:1:4 
11:0:1:4 4:0:1:4 m] m[ 6:0:1:1 12:0:1:1 6:0:1:1 12:0:1:1 m] m[ 11:0:1:4 13:0:1:4 11:0:1:4 13:0:1:4 m] m[ 
18:0:1:4 4:0:1:1 18:0:1:4 4:0:1:1 m] m[ 4:0:1:1 16:0:1:1 4:0:1:1 16:0:1:1 m] m[ 4:0:1:1 21:0:1:4 4:0:1:1 21:0:1:4 
m] m[ 4:0:1:1 21:0:1:4 4:0:1:1 21:0:1:4 m] m[ 13:0:1:4 10:0:1:4 13:0:1:4 10:0:1:4 m] m[ 10:0:1:1 20:0:1:1 
10:0:1:1 20:0:1:1 m] m[ 10:0:1:4 20:0:1:4 10:0:1:4 20:0:1:4 m] m[ 22:0:1:1 13:0:1:4 22:0:1:1 13:0:1:4 m] m[ 
22:0:1:1 18:0:1:1 22:0:1:1 18:0:1:1 m] m[ 12:0:1:4 13:0:1:4 12:0:1:4 13:0:1:4 m] m[ 12:0:1:4 8:0:1:4 12:0:1:4 8:0:1:4 
m] m[ 8:0:1:4 11:0:1:1 8:0:1:4 11:0:1:1 m] m[ 11:0:1:4 8:0:1:1 11:0:1:4 8:0:1:1 m] m[ 11:0:1:4 6:0:1:4 
11:0:1:4 6:0:1:4 m] m[ 21:0:1:1 18:0:1:1 21:0:1:1 18:0:1:1 m] m[ 16:0:1:4 8:0:1:1 16:0:1:4 8:0:1:1 m] m[ 
16:0:1:4 20:0:1:4 16:0:1:4 20:0:1:4 m] m[ 8:0:1:4 16:0:1:1 8:0:1:4 16:0:1:1 m] m[ 16:0:1:4 8:0:1:1 16:0:1:4 8:0:1:1 
m] m[ 16:0:1:4 20:0:1:4 16:0:1:4 20:0:1:4 m] m[ 21:0:1:4 18:0:1:4 21:0:1:4 18:0:1:4 m] m[ 21:0:1:4 8:0:1:4 
21:0:1:4 8:0:1:4 m] m[ 18:0:1:4 21:0:1:4 18:0:1:4 21:0:1:4 m] m[ 10:0:1:1 6:0:1:1 10:0:1:1 6:0:1:1 m] m[ 
18:0:1:4 6:0:1:1 18:0:1:4 6:0:1:1 m] m[ 6:0:1:4 10:0:1:4 6:0:1:4 10:0:1:4 m] m[ 18:0:1:4 13:0:1:4 18:0:1:4 13:0:1:4 
m] m[ 22:0:1:1 13:0:1:4 22:0:1:1 13:0:1:4 m] m[ 22:0:1:4 20:0:1:4 22:0:1:4 20:0:1:4 m] m[ 10:0:1:4 18:0:1:4 
10:0:1:4 18:0:1:4 m] m[ 20:0:1:1 6:0:1:1 20:0:1:1 6:0:1:1 m] m[ 20:0:1:1 22:0:1:1 20:0:1:1 22:0:1:1 m] m[ 
11:0:1:4 8:0:1:1 11:0:1:4 8:0:1:1 m] m[ 7:0:1:4 17:0:1:1 7:0:1:4 17:0:1:1 m] m[ 17:0:1:1 23:0:1:1 17:0:1:1 23:0:1:1 
m] m[ 0:0:1:1 7:0:1:1 0:0:1:1 7:0:1:1 m] m[ 0:0:1:1 15:0:1:4 0:0:1:1 15:0:1:4 m] m[ 7:0:1:4 5:0:1:1 
7:0:1:4 5:0:1:1 m] m[ 3:0:1:1 7:0:1:1 3:0:1:1 7:0:1:1 m] m[ 3:0:1:1 5:0:1:1 3:0:1:1 5:0:1:1 m] m[ 
2:0:1:4 14:0:1:4 2:0:1:4 14:0:1:4 m] m[ 14:0:1:1 7:0:1:1 14:0:1:1 7:0:1:1 m] m[ 14:0:1:1 2:0:1:1 14:0:1:1 2:0:1:1 
m] .
