MPUltimate v1.5 48-cell_FT_Mirror(Z) 54 0 54
Puzzle 48-cell_FT_Mirror(Z)
Dim 4
NAxis 1
Faces 1,0,0,0
Group 0,-1,1,0/-1,1,1,1 1,0,0,0/1,1,0,0 1,0,0,0/1,0,1,0 -0.4142135,1,0,0/0,0,-0.4142135,1
Axis 1,0,0,0
Twists 0,1,0,0/0,0,1,0/0,0,0,1
Cuts 0.95 -0.95
FixedMask 2
EndPuzzle
2 3600
0000000000000000000000X000000000000000X00000000000Q00000Q0X00000000000X0000000K0K000000000000000000000K000K0000000000000000000Q0Q0000000500000500050501010101010101010101010101010101010101010101010101010101010101010101010101010101010101010101010101010101010
10101010101010101010101010101010101010101010E02020E0E0E020202020202020202020W0202020202020202020202020202020W020202020202020202020W02020202020W020202020202020202020202020202020202020202020202020E03030E0E0E03030Y03030303030Y030303030303030303030303030303030
3030303030303030303030303030303030303030303030Y03030Y03030303030303030303030303030303030Z0Z04040Z04040Z0Z040Z0Z040404040404040404040404040Z0Z04040Z0404040404040404040404040B0B0404040B0B0B040B0B0B0Z04040404040404040Z0404040B04040B0B04040B0505050505050505000
50505050500050505050505050505050505050505050505050505050505050505050505050505050505050505000505000505050505050505050505050505050505060606060T0T0T060606060606060606060606060606060606060606060T060T0T060T0T060606060T0T060606060606060T0606060T0L060L0L0606060L0
L0L0L0L060L060606060L0L0L070707070707070707070707070707070707070707070707070707070707070707070707070707070707070707070707070707070707070707070707070707070707070707070707070707080808080808080808080808080808080808080808080808080808080808080808080808080808080
8080808080808080808080808080808080808080808080808080808080808080808080519051909051909071909071909090719071909071909051905190519090909071909071909051905190907190909051909090519090909090719090905190905190909090719071907190A0A0A0A0A0A0A0A0A0A0A0A0A0A0A0A0A0A0
A0A0A0A0A0A0A0A0A0A0A0A0A0A0A0A0A0A0A0A0A0A0A0A0A0A0A0A0A0A0A0A0A0A0A0A0A0A0A0A0A0A0A0A0A0A0A0A0A0A0A0A0A0A0A0A0A04040B0B040B0B04040B04040B0B0B0B0B0B0B0B0B0B0B0B0B04040B0B040B0B0B0B0B0B0B0B0B0B0B0B0B0B0B0B0B0B0B0B0B0B0B0B040B0B0B0B0B0B0B0B040B0B0B0B0B0B0B0
B0B0B0B0C0C0C0C0C0C0C0C0C0C0C0C0C0C0C0C0C0C0C0C0C0C0C0C0C0C0C0C0C0C0C0C0C0C0C0C0C0C0C0C0C0C0C0C0C0C0C0C0C0C0C0C0C0C0C0C0C0C0C0C0C0C0C0C0C0C0C0C0C0C0C0C0C0C0C021D021D0D021D0D0D0D0D0D0D0D0D0D0D0D0D0D0D0D0D021D021D021D0D0D0D0D0D0D0D0D0D021D021D0D0D0D0D0D021D0
D0D021D0D0D0D0D0D0D0D0D021D0D021D0D0D0D0D0D0D0D0D0D0E0E0E0E0E0E0E0E0E0E0E0B1E0E0E0E0E0E0E0B1E0E0E0E0E020E0E020B1E0E0E0E0E0B1E0E0E0E0E0E0E0E0E0E0E0E0E0E0E0E0E0E0E0E0E0E0E0E0E0E0E02020E0E0E030E0E030E03030F0F0F0F0F0F0F0F0F0F0F0F0F0F0F0F0F0F0F0F0F0F0F0F0F0F0F0
F0F0F0F0F0F0F0F0F0F0F0F0F0F0F0F0F0F0F0F0F0F0F0F0F0F0F0F0F0F0F0F0F0F0F0F0F0F0F0F0F0F0F0F0F0F0F0F0G0G0G0G0G0G0G0G0G0G0G0G0G0G0G0G0G0G0G0G0G0G0G0G0G0G0G0G0G0G0G0G0G0G0G0G0G0G0G0G0G0G0G0G0G0G0G0G0G0G0G0G0G0G0G0G0G0G0G0G0G0G0G0G0G0G0G0G0G0G0G0G0G0G0G0H0H0H0H0H0
H0H0H0V0H0H0V0H0H0H0V0H0V0H0H0V0H0H0H0H0H0H0H0H0H0H0H0V0H0H0V0H0H0H0H0H0H0H0V0H0H0H0H0H0H0H0H0H0H0H0H0H0V0H0H0H0H0H0H0H0H0H0H0H0V0H0V0H0V0H0I0I0I0I0I0I0I0I0I0I0I0I0I0I0I0I0I0I0I0I0I0I0I0I0I0I0I0I0I0I0I0I0I0I0I0I0I0I0I0I0I0I0I0I0I0I0I0I0I0I0I0I0I0I0I0I0I0I0
I0I0I0I0I0I0I0I0I0I0I0I0I0I0I0I0I0J0J0J0J0J0J0J0J0J0J0J0B1J0J0J0J0J0J0J0B1J0J0J0J0J0N0J0J0N0B1J0J0J0J0J0B1J0J0J0J0J0J0J0J0J0J0J0J0J0J0J0J0J0J0J0J0J0J0J0J0J0J0J0N0N0J0J0J0O0J0J0O0J0O0O0K0K0K0K0K0K0K0K0K0K0K0K0K0K0K0K0K0K0K0K0K0K0K0K0K0K0K0K0K0K0K0K0K0K0K0K0
K0K0K0K0K0K0K0K0K0K0K0K0K0K0K0K0K0K0K0K0K0K0K0K0K0K0K0K0K0K0K0K000K0K000K00000L0L0L0L0606060L0L0L0L0L0L0L0L0L0L0L0L0L0L0L0L0L0L0L0L0L0L060L06060L06060L0L0L0L06060L0L0L0L0L0L0L060L0L0L060L0L0L0L0L0L0L0L0L0L0L0L0L0L0L0L0L0L0L0L0L0M0M0M0M0M0M0M0M0M0M0M0M0M0M0
M0M0M0M0M0M0M0M0M0M0M0M0M0M0M0M0M0M0M0M0M0M0M0M0M0M0M0M0M0M0M0M0M0M0M0M0M0M0M0M0M0M0M0M0M0M0M0M0M0M0M0M0M0M0M0M0M0M0M0M0M0N0N0N0N0N0N0N0N0Y0N0N0N0N0N0Y0N0N0N0N0N0N0N0N0N0J0N0N0N0N0N0N0N0N0N0N0N0N0N0N0N0N0N0N0N0N0N0N0J0N0N0N0N0N0N0Y0N0N0Y0N0N0N0J0N0N0N0N0N0
J0N0N0N0N0N0N0N0J0O0O0J0J0J0O0O0W0O0O0O0O0O0W0O0O0O0O0O0O0O0O0O0O0O0O0O0O0O0O0O0O0O0O0O0O0O0O0O0O0O0O0O0O0O0O0O0O0O0O0O0O0O0W0O0O0W0O0O0O0O0O0O0O0O0O0O0O0O0O0O0O0O0O0P0P0P0P0P0P0P0P0P0P0P0P0P0P0P0P0P0P0P0P0P0P0P0P0P0P0P0P0P0P0P0P0P0P0P0P0P0P0P0P0P0P0P0P0P0
P0P0P0P0P0P0P0P0P0P0P0P0P0P0P0P0P0P0P0P0P0P0P0P0P0P0P0P0P0P0Q0Q0Q0Q0Q0Q0Q0Q0Q0Q0Q0Q0Q0Q0Q0Q0Q0Q0Q0Q0Q0Q0Q0Q0Q0Q0Q0Q0Q0Q0Q0Q0Q0Q0Q0Q0Q0Q0Q0Q0Q0Q0Q0Q0Q0Q0Q0Q0Q0Q0Q0Q0Q0Q0Q0Q0Q0Q0Q0Q0Q0Q0Q0Q0Q0Q0Q0Q000Q0Q000Q0000041R041R0R041R0R061R0R061R0R0R061R061R0R061R0R0
41R041R041R0R0R0R061R0R061R0R041R041R0R061R0R0R041R0R0R041R0R0R0R0R061R0R0R041R0R041R0R0R0R061R061R061R0S0S0S0S0S0S0S0S0S0S0S0S0S0S0S0S0S0S0S0S0S0S0S0S0S0S0S0S0S0S0S0S0S0S0S0S0S0S0S0S0S0S0S0S0S0S0S0S0S0S0S0S0S0S0S0S0S0S0S0S0S0S0S0S0S0S0S0S0S0S0S0S0S0S0S0T0
T0T0T0T0T0T0T0T0T0T0T0T0T0T0T0T0T0T0T0T0T0T0T0T0T0T0T0T0T0T0T0T0T0T0T0T0T0T0T0T0T0T0T0T0T0T0T0T0T0T0T0T0T060T06060T0T0T06060606060T060T0T0T0T0606060V0V0U0U0V0U0U0V0V0U0V0V0U0U0U0U0U0U0U0U0U0U0U0U0U0V0V0U0U0V0U0U0U0U0U0U0U0U0U0U0U0U0U0U0U0U0U0U0U0U0U0U0U0U0
V0U0U0U0U0U0U0U0U0V0U0U0U0U0U0U0U0U0U0U0U0V0V0V0V0H0H0H0V0V0V0V0V0V0V0V0V0V0V0V0V0V0V0V0V0V0V0V0V0V0H0V0H0H0V0H0H0V0V0V0V0H0H0V0V0V0V0V0V0V0H0V0V0V0H0U0V0U0U0V0V0V0U0U0U0U0U0V0U0V0V0V0V0U0U0U0W0W0W0W0W0W0W0W0W0W0W0O0W0W0W0W0W0W0W0O0W0W0W0W0W020W0W020O0W0W0
W0W0W0O0W0W0W0A1A1W0W0W0W0W0W0W0W0W0W0A1W0A1W0W0W0W0W0W0W0W0W02020W0W0W0W0W0W0W0W0W0W0X0X0X0X0X0X0X0X0X0X0X0X0X0X0X0X000X0X0X0X0X0X0X0X0X0X0X0X0X0X0X000X0X0X0X0X0X0X0X0X0X000X0X0X0X0X000X0X0X0X0X0X0X0X0X0X0X0X0X0X0X0X0X0X0X0X0X0X0X0X0X0N0Y0Y0N0N0N0Y0Y0Y0Y0
Y0Y0Y0Y0Y0Y030Y0Y0Y0Y0Y0Y0Y0A1Y0Y0Y0Y0Y0Y0Y030Y0Y0Y0Y0Y0Y0Y0Y0Y0Y030Y0Y0Y0A1Y030Y0Y0Y0Y0Y0Y0Y0Y0Y0Y0Y0A1Y0Y0Y0Y0Y0A1Y0Y0Y0Y0Y0Y0Y0Z0Z0Z0Z0Z0Z0Z0Z0Z0Z0Z0Z0Z0Z0Z0Z0Z0Z0Z0Z0Z0Z0Z0Z0Z0Z0Z0Z0Z0Z0Z0Z0Z0Z0Z0Z0Z0Z0Z0Z0Z0Z04040Z0Z0Z0404040Z0404040Z0Z0Z0Z0Z0Z0Z0Z0Z0
Z0Z0Z0Z040Z0Z04040Z0Z0400101010101010101010101010101010101010101010101010101010101010101010101010101010101010101010101010101010101010101010101010101010101010101010101010101011111111111111111111111111111111111111111111111111111111111111111111111111111111111
11111111111111111111111111111111111111111111111111111111111111111111D0D02121D02121D0D021D0D021212121212121212121212121D0D02121D0212121212121212121212121313121212131313121313131D02121212121212121D0212121312121313121213121312131312131313131313131313131313131
3131313121312131213131313131313131313121312131313131313121313131213131313131313131312131312131313131313131313131414141414141414141414141414141414141414141414141414141414141414141414141414141414141R0R0414141R0R0R041R0R0R041414141414141414141414141R04141R0R0
4141R0515151515151515151515151515151515151515151515151515151515151515151515151515151515151909051515190909051909090515151515151515151515151519051519090515190616161616161616161616161616161616161616161616161616161616161616161616161616161616161R0R0616161R0R0R0
61R0R0R061616161616161616161616161R06161R0R06161R071717171717171717171717171717171717171717171717171717171717171717171717171717171717190907171719090907190909071717171717171717171717171907171909071719081818181818181818181818181818181818181818181818181818181
8181818181818181818181818181818181818181818181818181818181818181818181818181818181818181818181919191919191919191919191919191919191919191919191919191919191919191919191919191919191919191919191919191919191919191919191919191919191919191919191919191Y0A1A1Y0Y0Y0
A1A1W0A1A1A1A1A1W0A1A1A1A1A1A1A1A1A1A1A1A1A1A1A1A1A1A1A1A1A1A1A1A1A1A1A1A1A1A1A1A1A1A1A1A1A1A1A1W0A1A1W0A1A1A1A1A1A1A1A1A1A1A1A1A1A1A1A1A1B1B1B1B1B1B1B1B1E0B1B1B1B1B1E0B1B1B1B1B1B1B1B1B1J0B1B1B1B1B1B1B1B1B1B1B1B1B1B1B1B1B1B1B1B1B1B1J0B1B1B1B1B1B1E0B1B1E0B1
B1B1J0B1B1B1B1B1J0B1B1B1B1B1B1B1
#timer 1618759
#CRC 4429342670306015625
*
m| m[ 9:0:1:1 19:0:1:4 7:0:1:1 1:0:1:1 13:0:1:4 9:0:1:1 13:0:1:4 9:0:1:1 19:0:1:4 13:0:1:4 19:0:1:4 13:0:1:4 20:0:1:1 19:0:1:4 20:0:1:1 
19:0:1:4 1:0:1:1 20:0:1:1 1:0:1:1 20:0:1:1 8:0:1:1 19:0:1:4 8:0:1:1 19:0:1:4 7:0:1:1 8:0:1:1 7:0:1:1 8:0:1:1 18:0:1:4 7:0:1:1 18:0:1:4 
7:0:1:1 9:0:1:1 18:0:1:4 9:0:1:1 18:0:1:4 4:0:1:1 9:0:1:1 4:0:1:1 9:0:1:1 1:0:1:1 4:0:1:1 1:0:1:1 4:0:1:1 6:0:1:1 1:0:1:1 6:0:1:1 
1:0:1:1 7:0:1:1 6:0:1:1 7:0:1:1 6:0:1:1 m] .
